<?xml version="1.0" encoding="UTF-8"?>
<testsuite name="com.test.tools_challenge.ConsultarTransacaoTest" tests="1" skipped="0" failures="0" errors="0" timestamp="2024-08-12T14:06:54" hostname="g10-IdeaPad-Gaming-3-15IMH05" time="0.764">
  <properties/>
  <testcase name="testSaveAndFind()" classname="com.test.tools_challenge.ConsultarTransacaoTest" time="0.764"/>
  <system-out><![CDATA[11:06:51.367 [Test worker] INFO org.springframework.test.context.support.AnnotationConfigContextLoaderUtils -- Could not detect default configuration classes for test class [com.test.tools_challenge.ConsultarTransacaoTest]: ConsultarTransacaoTest does not declare any static, non-private, non-final, nested classes annotated with @Configuration.
11:06:51.444 [Test worker] INFO org.springframework.boot.test.context.SpringBootTestContextBootstrapper -- Found @SpringBootConfiguration com.test.tools_challenge.ToolsChallengeApplication for test class com.test.tools_challenge.ConsultarTransacaoTest

  .   ____          _            __ _ _
 /\\ / ___'_ __ _ _(_)_ __  __ _ \ \ \ \
( ( )\___ | '_ | '_| | '_ \/ _` | \ \ \ \
 \\/  ___)| |_)| | | | | || (_| |  ) ) ) )
  '  |____| .__|_| |_|_| |_\__, | / / / /
 =========|_|==============|___/=/_/_/_/

 :: Spring Boot ::                (v3.3.2)

2024-08-12T11:06:51.712-03:00  INFO 1600834 --- [tools-challenge] [    Test worker] c.t.t.ConsultarTransacaoTest             : Starting ConsultarTransacaoTest using Java 21.0.4 with PID 1600834 (started by g10 in /home/g10/Documents/tools)
2024-08-12T11:06:51.713-03:00  INFO 1600834 --- [tools-challenge] [    Test worker] c.t.t.ConsultarTransacaoTest             : The following 1 profile is active: "test"
2024-08-12T11:06:52.204-03:00  INFO 1600834 --- [tools-challenge] [    Test worker] .s.d.r.c.RepositoryConfigurationDelegate : Bootstrapping Spring Data JPA repositories in DEFAULT mode.
2024-08-12T11:06:52.245-03:00  INFO 1600834 --- [tools-challenge] [    Test worker] .s.d.r.c.RepositoryConfigurationDelegate : Finished Spring Data repository scanning in 34 ms. Found 1 JPA repository interface.
2024-08-12T11:06:52.604-03:00  INFO 1600834 --- [tools-challenge] [    Test worker] o.hibernate.jpa.internal.util.LogHelper  : HHH000204: Processing PersistenceUnitInfo [name: default]
2024-08-12T11:06:52.642-03:00  INFO 1600834 --- [tools-challenge] [    Test worker] org.hibernate.Version                    : HHH000412: Hibernate ORM core version 6.5.2.Final
2024-08-12T11:06:52.668-03:00  INFO 1600834 --- [tools-challenge] [    Test worker] o.h.c.internal.RegionFactoryInitiator    : HHH000026: Second-level cache disabled
2024-08-12T11:06:52.877-03:00  INFO 1600834 --- [tools-challenge] [    Test worker] o.s.o.j.p.SpringPersistenceUnitInfo      : No LoadTimeWeaver setup: ignoring JPA class transformer
2024-08-12T11:06:52.895-03:00  INFO 1600834 --- [tools-challenge] [    Test worker] com.zaxxer.hikari.HikariDataSource       : HikariPool-1 - Starting...
2024-08-12T11:06:53.008-03:00  INFO 1600834 --- [tools-challenge] [    Test worker] com.zaxxer.hikari.pool.HikariPool        : HikariPool-1 - Added connection conn0: url=jdbc:h2:mem:testdb user=SA
2024-08-12T11:06:53.010-03:00  INFO 1600834 --- [tools-challenge] [    Test worker] com.zaxxer.hikari.HikariDataSource       : HikariPool-1 - Start completed.
2024-08-12T11:06:53.029-03:00  WARN 1600834 --- [tools-challenge] [    Test worker] org.hibernate.orm.deprecation            : HHH90000025: H2Dialect does not need to be specified explicitly using 'hibernate.dialect' (remove the property setting and it will be selected by default)
2024-08-12T11:06:53.569-03:00  INFO 1600834 --- [tools-challenge] [    Test worker] o.h.e.t.j.p.i.JtaPlatformInitiator       : HHH000489: No JTA platform available (set 'hibernate.transaction.jta.platform' to enable JTA platform integration)
2024-08-12T11:06:53.606-03:00  INFO 1600834 --- [tools-challenge] [    Test worker] j.LocalContainerEntityManagerFactoryBean : Initialized JPA EntityManagerFactory for persistence unit 'default'
2024-08-12T11:06:53.940-03:00  WARN 1600834 --- [tools-challenge] [    Test worker] JpaBaseConfiguration$JpaWebConfiguration : spring.jpa.open-in-view is enabled by default. Therefore, database queries may be performed during view rendering. Explicitly configure spring.jpa.open-in-view to disable this warning
2024-08-12T11:06:54.468-03:00  INFO 1600834 --- [tools-challenge] [    Test worker] c.t.t.ConsultarTransacaoTest             : Started ConsultarTransacaoTest in 2.928 seconds (process running for 3.72)
]]></system-out>
  <system-err><![CDATA[WARNING: A Java agent has been loaded dynamically (/home/g10/.gradle/caches/modules-2/files-2.1/net.bytebuddy/byte-buddy-agent/1.14.18/417558ea01fe9f0e8a94af28b9469d281c4e3984/byte-buddy-agent-1.14.18.jar)
WARNING: If a serviceability tool is in use, please run with -XX:+EnableDynamicAgentLoading to hide this warning
WARNING: If a serviceability tool is not in use, please run with -Djdk.instrument.traceUsage for more information
WARNING: Dynamic loading of agents will be disallowed by default in a future release
]]></system-err>
</testsuite>
